0 info it worked if it ends with ok
1 verbose cli [ 'C:\\Program Files\\nodejs\\node.exe',
1 verbose cli   'C:\\Program Files\\nodejs\\node_modules\\npm\\bin\\npm-cli.js',
1 verbose cli   'start' ]
2 info using npm@3.10.3
3 info using node@v6.3.0
4 verbose run-script [ 'prestart', 'start', 'poststart' ]
5 info lifecycle imda@1.0.0~prestart: imda@1.0.0
6 silly lifecycle imda@1.0.0~prestart: no script for prestart, continuing
7 info lifecycle imda@1.0.0~start: imda@1.0.0
8 verbose lifecycle imda@1.0.0~start: unsafe-perm in lifecycle true
9 verbose lifecycle imda@1.0.0~start: PATH: C:\Program Files\nodejs\node_modules\npm\bin\node-gyp-bin;C:\Users\philchen\Desktop\Redis\ImportData\node_modules\.bin;C:\Program Files\nodejs;C:\Program Files (x86)\Intel\iCLS Client\;C:\Program Files\Intel\iCLS Client\;C:\Windows\system32;C:\Windows;C:\Windows\System32\Wbem;C:\Windows\System32\WindowsPowerShell\v1.0\;C:\Program Files (x86)\Intel\Intel(R) Management Engine Components\DAL;C:\Program Files\Intel\Intel(R) Management Engine Components\DAL;C:\Program Files (x86)\Intel\Intel(R) Management Engine Components\IPT;C:\Program Files\Intel\Intel(R) Management Engine Components\IPT;C:\Program Files (x86)\PuTTY\;C:\Wnmp\php;C:\Wnmp\mariadb\bin;C:\Program Files\nodejs\;C:\Program Files\Symantec.cloud\PlatformAgent\;C:\Users\philchen\AppData\Local\Programs\Git\cmd;C:\Program Files\Redis\;C:\Users\philchen\AppData\Local\ComposerSetup\bin;C:\Users\philchen\AppData\Roaming\npm;C:\Program Files\Redis;
10 verbose lifecycle imda@1.0.0~start: CWD: C:\Users\philchen\Desktop\Redis\ImportData
11 silly lifecycle imda@1.0.0~start: Args: [ '/d /s /c', 'node index.js' ]
12 silly lifecycle imda@1.0.0~start: Returned: code: 3  signal: null
13 info lifecycle imda@1.0.0~start: Failed to exec start script
14 verbose stack Error: imda@1.0.0 start: `node index.js`
14 verbose stack Exit status 3
14 verbose stack     at EventEmitter.<anonymous> (C:\Program Files\nodejs\node_modules\npm\lib\utils\lifecycle.js:242:16)
14 verbose stack     at emitTwo (events.js:106:13)
14 verbose stack     at EventEmitter.emit (events.js:191:7)
14 verbose stack     at ChildProcess.<anonymous> (C:\Program Files\nodejs\node_modules\npm\lib\utils\spawn.js:40:14)
14 verbose stack     at emitTwo (events.js:106:13)
14 verbose stack     at ChildProcess.emit (events.js:191:7)
14 verbose stack     at maybeClose (internal/child_process.js:852:16)
14 verbose stack     at Process.ChildProcess._handle.onexit (internal/child_process.js:215:5)
15 verbose pkgid imda@1.0.0
16 verbose cwd C:\Users\philchen\Desktop\Redis\ImportData
17 error Windows_NT 6.1.7601
18 error argv "C:\\Program Files\\nodejs\\node.exe" "C:\\Program Files\\nodejs\\node_modules\\npm\\bin\\npm-cli.js" "start"
19 error node v6.3.0
20 error npm  v3.10.3
21 error code ELIFECYCLE
22 error imda@1.0.0 start: `node index.js`
22 error Exit status 3
23 error Failed at the imda@1.0.0 start script 'node index.js'.
23 error Make sure you have the latest version of node.js and npm installed.
23 error If you do, this is most likely a problem with the imda package,
23 error not with npm itself.
23 error Tell the author that this fails on your system:
23 error     node index.js
23 error You can get information on how to open an issue for this project with:
23 error     npm bugs imda
23 error Or if that isn't available, you can get their info via:
23 error     npm owner ls imda
23 error There is likely additional logging output above.
24 verbose exit [ 1, true ]
